\BOOKMARK [1][-]{section.1}{Introduction}{}% 1
\BOOKMARK [1][-]{section.2}{Quantifying Performance and Robustness}{}% 2
\BOOKMARK [1][-]{section.3}{Observable and Sample Definitions}{}% 3
\BOOKMARK [2][-]{subsection.3.1}{Jet Shape Observables}{section.3}% 4
\BOOKMARK [2][-]{subsection.3.2}{Grooming Techniques}{section.3}% 5
\BOOKMARK [2][-]{subsection.3.3}{Parton Shower Samples}{section.3}% 6
\BOOKMARK [1][-]{section.4}{Theory Approaches to Robust Ratio Observables}{}% 7
\BOOKMARK [2][-]{subsection.4.1}{Review of the Dichroic Approach}{section.4}% 8
\BOOKMARK [2][-]{subsection.4.2}{New Dichroic Observables}{section.4}% 9
\BOOKMARK [2][-]{subsection.4.3}{Summary of Tagging Strategies}{section.4}% 10
\BOOKMARK [1][-]{section.5}{Theory Robustness}{}% 11
\BOOKMARK [2][-]{subsection.5.1}{Hadronization}{section.5}% 12
\BOOKMARK [2][-]{subsection.5.2}{Underlying Event}{section.5}% 13
\BOOKMARK [2][-]{subsection.5.3}{Towards Improved Performance and Robustness for ATLAS and CMS}{section.5}% 14
\BOOKMARK [1][-]{section.6}{Experimental Robustness}{}% 15
\BOOKMARK [2][-]{subsection.6.1}{Detector Models}{section.6}% 16
\BOOKMARK [2][-]{subsection.6.2}{Pile-Up Removal}{section.6}% 17
\BOOKMARK [2][-]{subsection.6.3}{Impact on Mass Resolution}{section.6}% 18
\BOOKMARK [1][-]{section.7}{Polarization Dependence}{}% 19
\BOOKMARK [2][-]{subsection.7.1}{Performance Impact of Polarization}{section.7}% 20
\BOOKMARK [2][-]{subsection.7.2}{Tagging Longitudinal vs. Transverse Bosons}{section.7}% 21
\BOOKMARK [1][-]{section.8}{Summary and Recommendations}{}% 22
