This is pdfTeX, Version 3.14159265-2.6-1.40.17 (TeX Live 2016) (preloaded format=pdflatex 2016.5.22)  4 FEB 2018 15:39
entering extended mode
 restricted \write18 enabled.
 file:line:error style messages enabled.
 %&-line parsing enabled.
**jetsub_2prong.tex
(./jetsub_2prong.tex
LaTeX2e <2016/03/31>
Babel <3.9r> and hyphenation patterns for 83 language(s) loaded.
(./cernrep.cls
Document Class: cernrep 1995/02/14 cernrep class
(/usr/local/texlive/2016/texmf-dist/tex/latex/base/article.cls
Document Class: article 2014/09/29 v1.4h Standard LaTeX document class
(/usr/local/texlive/2016/texmf-dist/tex/latex/base/size11.clo
File: size11.clo 2014/09/29 v1.4h Standard LaTeX file (size option)
)
\c@part=\count79
\c@section=\count80
\c@subsection=\count81
\c@subsubsection=\count82
\c@paragraph=\count83
\c@subparagraph=\count84
\c@figure=\count85
\c@table=\count86
\abovecaptionskip=\skip41
\belowcaptionskip=\skip42
\bibindent=\dimen102
)
(/usr/local/texlive/2016/texmf-dist/tex/latex/ntgclass/a4.sty
Package: a4 2004/04/15 v1.2g A4 based page layout
)
(/usr/local/texlive/2016/texmf-dist/tex/latex/psnfss/times.sty
Package: times 2005/04/12 PSNFSS-v9.2a (SPQR) 
)
Document Style `cernrep' 1.0 2 June 1997
) (/usr/local/texlive/2016/texmf-dist/tex/latex/graphics/graphicx.sty
Package: graphicx 2014/10/28 v1.0g Enhanced LaTeX Graphics (DPC,SPQR)

(/usr/local/texlive/2016/texmf-dist/tex/latex/graphics/keyval.sty
Package: keyval 2014/10/28 v1.15 key=value parser (DPC)
\KV@toks@=\toks14
)
(/usr/local/texlive/2016/texmf-dist/tex/latex/graphics/graphics.sty
Package: graphics 2016/05/09 v1.0r Standard LaTeX Graphics (DPC,SPQR)

(/usr/local/texlive/2016/texmf-dist/tex/latex/graphics/trig.sty
Package: trig 2016/01/03 v1.10 sin cos tan (DPC)
)
(/usr/local/texlive/2016/texmf-dist/tex/latex/graphics-cfg/graphics.cfg
File: graphics.cfg 2016/01/02 v1.10 sample graphics configuration
)
Package graphics Info: Driver file: pdftex.def on input line 96.

(/usr/local/texlive/2016/texmf-dist/tex/latex/pdftex-def/pdftex.def
File: pdftex.def 2011/05/27 v0.06d Graphics/color for pdfTeX

(/usr/local/texlive/2016/texmf-dist/tex/generic/oberdiek/infwarerr.sty
Package: infwarerr 2016/05/16 v1.4 Providing info/warning/error messages (HO)
)
(/usr/local/texlive/2016/texmf-dist/tex/generic/oberdiek/ltxcmds.sty
Package: ltxcmds 2016/05/16 v1.23 LaTeX kernel commands for general use (HO)
)
\Gread@gobject=\count87
))
\Gin@req@height=\dimen103
\Gin@req@width=\dimen104
)
(/usr/local/texlive/2016/texmf-dist/tex/latex/graphics/epsfig.sty
Package: epsfig 1999/02/16 v1.7a (e)psfig emulation (SPQR)
\epsfxsize=\dimen105
\epsfysize=\dimen106
)
(/usr/local/texlive/2016/texmf-dist/tex/latex/base/inputenc.sty
Package: inputenc 2015/03/17 v1.2c Input encoding file
\inpenc@prehook=\toks15
\inpenc@posthook=\toks16

(/usr/local/texlive/2016/texmf-dist/tex/latex/base/utf8.def
File: utf8.def 2016/02/28 v1.1s UTF-8 support for inputenc
Now handling font encoding OML ...
... no UTF-8 mapping file for font encoding OML
Now handling font encoding T1 ...
... processing UTF-8 mapping file for font encoding T1

(/usr/local/texlive/2016/texmf-dist/tex/latex/base/t1enc.dfu
File: t1enc.dfu 2016/02/28 v1.1s UTF-8 support for inputenc
   defining Unicode char U+00A0 (decimal 160)
   defining Unicode char U+00A1 (decimal 161)
   defining Unicode char U+00A3 (decimal 163)
   defining Unicode char U+00AB (decimal 171)
   defining Unicode char U+00AD (decimal 173)
   defining Unicode char U+00BB (decimal 187)
   defining Unicode char U+00BF (decimal 191)
   defining Unicode char U+00C0 (decimal 192)
   defining Unicode char U+00C1 (decimal 193)
   defining Unicode char U+00C2 (decimal 194)
   defining Unicode char U+00C3 (decimal 195)
   defining Unicode char U+00C4 (decimal 196)
   defining Unicode char U+00C5 (decimal 197)
   defining Unicode char U+00C6 (decimal 198)
   defining Unicode char U+00C7 (decimal 199)
   defining Unicode char U+00C8 (decimal 200)
   defining Unicode char U+00C9 (decimal 201)
   defining Unicode char U+00CA (decimal 202)
   defining Unicode char U+00CB (decimal 203)
   defining Unicode char U+00CC (decimal 204)
   defining Unicode char U+00CD (decimal 205)
   defining Unicode char U+00CE (decimal 206)
   defining Unicode char U+00CF (decimal 207)
   defining Unicode char U+00D0 (decimal 208)
   defining Unicode char U+00D1 (decimal 209)
   defining Unicode char U+00D2 (decimal 210)
   defining Unicode char U+00D3 (decimal 211)
   defining Unicode char U+00D4 (decimal 212)
   defining Unicode char U+00D5 (decimal 213)
   defining Unicode char U+00D6 (decimal 214)
   defining Unicode char U+00D8 (decimal 216)
   defining Unicode char U+00D9 (decimal 217)
   defining Unicode char U+00DA (decimal 218)
   defining Unicode char U+00DB (decimal 219)
   defining Unicode char U+00DC (decimal 220)
   defining Unicode char U+00DD (decimal 221)
   defining Unicode char U+00DE (decimal 222)
   defining Unicode char U+00DF (decimal 223)
   defining Unicode char U+00E0 (decimal 224)
   defining Unicode char U+00E1 (decimal 225)
   defining Unicode char U+00E2 (decimal 226)
   defining Unicode char U+00E3 (decimal 227)
   defining Unicode char U+00E4 (decimal 228)
   defining Unicode char U+00E5 (decimal 229)
   defining Unicode char U+00E6 (decimal 230)
   defining Unicode char U+00E7 (decimal 231)
   defining Unicode char U+00E8 (decimal 232)
   defining Unicode char U+00E9 (decimal 233)
   defining Unicode char U+00EA (decimal 234)
   defining Unicode char U+00EB (decimal 235)
   defining Unicode char U+00EC (decimal 236)
   defining Unicode char U+00ED (decimal 237)
   defining Unicode char U+00EE (decimal 238)
   defining Unicode char U+00EF (decimal 239)
   defining Unicode char U+00F0 (decimal 240)
   defining Unicode char U+00F1 (decimal 241)
   defining Unicode char U+00F2 (decimal 242)
   defining Unicode char U+00F3 (decimal 243)
   defining Unicode char U+00F4 (decimal 244)
   defining Unicode char U+00F5 (decimal 245)
   defining Unicode char U+00F6 (decimal 246)
   defining Unicode char U+00F8 (decimal 248)
   defining Unicode char U+00F9 (decimal 249)
   defining Unicode char U+00FA (decimal 250)
   defining Unicode char U+00FB (decimal 251)
   defining Unicode char U+00FC (decimal 252)
   defining Unicode char U+00FD (decimal 253)
   defining Unicode char U+00FE (decimal 254)
   defining Unicode char U+00FF (decimal 255)
   defining Unicode char U+0100 (decimal 256)
   defining Unicode char U+0101 (decimal 257)
   defining Unicode char U+0102 (decimal 258)
   defining Unicode char U+0103 (decimal 259)
   defining Unicode char U+0104 (decimal 260)
   defining Unicode char U+0105 (decimal 261)
   defining Unicode char U+0106 (decimal 262)
   defining Unicode char U+0107 (decimal 263)
   defining Unicode char U+0108 (decimal 264)
   defining Unicode char U+0109 (decimal 265)
   defining Unicode char U+010A (decimal 266)
   defining Unicode char U+010B (decimal 267)
   defining Unicode char U+010C (decimal 268)
   defining Unicode char U+010D (decimal 269)
   defining Unicode char U+010E (decimal 270)
   defining Unicode char U+010F (decimal 271)
   defining Unicode char U+0110 (decimal 272)
   defining Unicode char U+0111 (decimal 273)
   defining Unicode char U+0112 (decimal 274)
   defining Unicode char U+0113 (decimal 275)
   defining Unicode char U+0114 (decimal 276)
   defining Unicode char U+0115 (decimal 277)
   defining Unicode char U+0116 (decimal 278)
   defining Unicode char U+0117 (decimal 279)
   defining Unicode char U+0118 (decimal 280)
   defining Unicode char U+0119 (decimal 281)
   defining Unicode char U+011A (decimal 282)
   defining Unicode char U+011B (decimal 283)
   defining Unicode char U+011C (decimal 284)
   defining Unicode char U+011D (decimal 285)
   defining Unicode char U+011E (decimal 286)
   defining Unicode char U+011F (decimal 287)
   defining Unicode char U+0120 (decimal 288)
   defining Unicode char U+0121 (decimal 289)
   defining Unicode char U+0122 (decimal 290)
   defining Unicode char U+0123 (decimal 291)
   defining Unicode char U+0124 (decimal 292)
   defining Unicode char U+0125 (decimal 293)
   defining Unicode char U+0128 (decimal 296)
   defining Unicode char U+0129 (decimal 297)
   defining Unicode char U+012A (decimal 298)
   defining Unicode char U+012B (decimal 299)
   defining Unicode char U+012C (decimal 300)
   defining Unicode char U+012D (decimal 301)
   defining Unicode char U+012E (decimal 302)
   defining Unicode char U+012F (decimal 303)
   defining Unicode char U+0130 (decimal 304)
   defining Unicode char U+0131 (decimal 305)
   defining Unicode char U+0132 (decimal 306)
   defining Unicode char U+0133 (decimal 307)
   defining Unicode char U+0134 (decimal 308)
   defining Unicode char U+0135 (decimal 309)
   defining Unicode char U+0136 (decimal 310)
   defining Unicode char U+0137 (decimal 311)
   defining Unicode char U+0139 (decimal 313)
   defining Unicode char U+013A (decimal 314)
   defining Unicode char U+013B (decimal 315)
   defining Unicode char U+013C (decimal 316)
   defining Unicode char U+013D (decimal 317)
   defining Unicode char U+013E (decimal 318)
   defining Unicode char U+0141 (decimal 321)
   defining Unicode char U+0142 (decimal 322)
   defining Unicode char U+0143 (decimal 323)
   defining Unicode char U+0144 (decimal 324)
   defining Unicode char U+0145 (decimal 325)
   defining Unicode char U+0146 (decimal 326)
   defining Unicode char U+0147 (decimal 327)
   defining Unicode char U+0148 (decimal 328)
   defining Unicode char U+014A (decimal 330)
   defining Unicode char U+014B (decimal 331)
   defining Unicode char U+014C (decimal 332)
   defining Unicode char U+014D (decimal 333)
   defining Unicode char U+014E (decimal 334)
   defining Unicode char U+014F (decimal 335)
   defining Unicode char U+0150 (decimal 336)
   defining Unicode char U+0151 (decimal 337)
   defining Unicode char U+0152 (decimal 338)
   defining Unicode char U+0153 (decimal 339)
   defining Unicode char U+0154 (decimal 340)
   defining Unicode char U+0155 (decimal 341)
   defining Unicode char U+0156 (decimal 342)
   defining Unicode char U+0157 (decimal 343)
   defining Unicode char U+0158 (decimal 344)
   defining Unicode char U+0159 (decimal 345)
   defining Unicode char U+015A (decimal 346)
   defining Unicode char U+015B (decimal 347)
   defining Unicode char U+015C (decimal 348)
   defining Unicode char U+015D (decimal 349)
   defining Unicode char U+015E (decimal 350)
   defining Unicode char U+015F (decimal 351)
   defining Unicode char U+0160 (decimal 352)
   defining Unicode char U+0161 (decimal 353)
   defining Unicode char U+0162 (decimal 354)
   defining Unicode char U+0163 (decimal 355)
   defining Unicode char U+0164 (decimal 356)
   defining Unicode char U+0165 (decimal 357)
   defining Unicode char U+0168 (decimal 360)
   defining Unicode char U+0169 (decimal 361)
   defining Unicode char U+016A (decimal 362)
   defining Unicode char U+016B (decimal 363)
   defining Unicode char U+016C (decimal 364)
   defining Unicode char U+016D (decimal 365)
   defining Unicode char U+016E (decimal 366)
   defining Unicode char U+016F (decimal 367)
   defining Unicode char U+0170 (decimal 368)
   defining Unicode char U+0171 (decimal 369)
   defining Unicode char U+0172 (decimal 370)
   defining Unicode char U+0173 (decimal 371)
   defining Unicode char U+0174 (decimal 372)
   defining Unicode char U+0175 (decimal 373)
   defining Unicode char U+0176 (decimal 374)
   defining Unicode char U+0177 (decimal 375)
   defining Unicode char U+0178 (decimal 376)
   defining Unicode char U+0179 (decimal 377)
   defining Unicode char U+017A (decimal 378)
   defining Unicode char U+017B (decimal 379)
   defining Unicode char U+017C (decimal 380)
   defining Unicode char U+017D (decimal 381)
   defining Unicode char U+017E (decimal 382)
   defining Unicode char U+01CD (decimal 461)
   defining Unicode char U+01CE (decimal 462)
   defining Unicode char U+01CF (decimal 463)
   defining Unicode char U+01D0 (decimal 464)
   defining Unicode char U+01D1 (decimal 465)
   defining Unicode char U+01D2 (decimal 466)
   defining Unicode char U+01D3 (decimal 467)
   defining Unicode char U+01D4 (decimal 468)
   defining Unicode char U+01E2 (decimal 482)
   defining Unicode char U+01E3 (decimal 483)
   defining Unicode char U+01E6 (decimal 486)
   defining Unicode char U+01E7 (decimal 487)
   defining Unicode char U+01E8 (decimal 488)
   defining Unicode char U+01E9 (decimal 489)
   defining Unicode char U+01EA (decimal 490)
   defining Unicode char U+01EB (decimal 491)
   defining Unicode char U+01F0 (decimal 496)
   defining Unicode char U+01F4 (decimal 500)
   defining Unicode char U+01F5 (decimal 501)
   defining Unicode char U+0218 (decimal 536)
   defining Unicode char U+0219 (decimal 537)
   defining Unicode char U+021A (decimal 538)
   defining Unicode char U+021B (decimal 539)
   defining Unicode char U+1E02 (decimal 7682)
   defining Unicode char U+1E03 (decimal 7683)
   defining Unicode char U+200C (decimal 8204)
   defining Unicode char U+2010 (decimal 8208)
   defining Unicode char U+2011 (decimal 8209)
   defining Unicode char U+2012 (decimal 8210)
   defining Unicode char U+2013 (decimal 8211)
   defining Unicode char U+2014 (decimal 8212)
   defining Unicode char U+2015 (decimal 8213)
   defining Unicode char U+2018 (decimal 8216)
   defining Unicode char U+2019 (decimal 8217)
   defining Unicode char U+201A (decimal 8218)
   defining Unicode char U+201C (decimal 8220)
   defining Unicode char U+201D (decimal 8221)
   defining Unicode char U+201E (decimal 8222)
   defining Unicode char U+2030 (decimal 8240)
   defining Unicode char U+2031 (decimal 8241)
   defining Unicode char U+2039 (decimal 8249)
   defining Unicode char U+203A (decimal 8250)
   defining Unicode char U+2423 (decimal 9251)
)
Now handling font encoding OT1 ...
... processing UTF-8 mapping file for font encoding OT1

(/usr/local/texlive/2016/texmf-dist/tex/latex/base/ot1enc.dfu
File: ot1enc.dfu 2016/02/28 v1.1s UTF-8 support for inputenc
   defining Unicode char U+00A0 (decimal 160)
   defining Unicode char U+00A1 (decimal 161)
   defining Unicode char U+00A3 (decimal 163)
   defining Unicode char U+00AD (decimal 173)
   defining Unicode char U+00B8 (decimal 184)
   defining Unicode char U+00BF (decimal 191)
   defining Unicode char U+00C5 (decimal 197)
   defining Unicode char U+00C6 (decimal 198)
   defining Unicode char U+00D8 (decimal 216)
   defining Unicode char U+00DF (decimal 223)
   defining Unicode char U+00E6 (decimal 230)
   defining Unicode char U+00EC (decimal 236)
   defining Unicode char U+00ED (decimal 237)
   defining Unicode char U+00EE (decimal 238)
   defining Unicode char U+00EF (decimal 239)
   defining Unicode char U+00F8 (decimal 248)
   defining Unicode char U+0131 (decimal 305)
   defining Unicode char U+0141 (decimal 321)
   defining Unicode char U+0142 (decimal 322)
   defining Unicode char U+0152 (decimal 338)
   defining Unicode char U+0153 (decimal 339)
   defining Unicode char U+0174 (decimal 372)
   defining Unicode char U+0175 (decimal 373)
   defining Unicode char U+0176 (decimal 374)
   defining Unicode char U+0177 (decimal 375)
   defining Unicode char U+0218 (decimal 536)
   defining Unicode char U+0219 (decimal 537)
   defining Unicode char U+021A (decimal 538)
   defining Unicode char U+021B (decimal 539)
   defining Unicode char U+2013 (decimal 8211)
   defining Unicode char U+2014 (decimal 8212)
   defining Unicode char U+2018 (decimal 8216)
   defining Unicode char U+2019 (decimal 8217)
   defining Unicode char U+201C (decimal 8220)
   defining Unicode char U+201D (decimal 8221)
)
Now handling font encoding OMS ...
... processing UTF-8 mapping file for font encoding OMS

(/usr/local/texlive/2016/texmf-dist/tex/latex/base/omsenc.dfu
File: omsenc.dfu 2016/02/28 v1.1s UTF-8 support for inputenc
   defining Unicode char U+00A7 (decimal 167)
   defining Unicode char U+00B6 (decimal 182)
   defining Unicode char U+00B7 (decimal 183)
   defining Unicode char U+2020 (decimal 8224)
   defining Unicode char U+2021 (decimal 8225)
   defining Unicode char U+2022 (decimal 8226)
)
Now handling font encoding OMX ...
... no UTF-8 mapping file for font encoding OMX
Now handling font encoding U ...
... no UTF-8 mapping file for font encoding U
   defining Unicode char U+00A9 (decimal 169)
   defining Unicode char U+00AA (decimal 170)
   defining Unicode char U+00AE (decimal 174)
   defining Unicode char U+00BA (decimal 186)
   defining Unicode char U+02C6 (decimal 710)
   defining Unicode char U+02DC (decimal 732)
   defining Unicode char U+200C (decimal 8204)
   defining Unicode char U+2026 (decimal 8230)
   defining Unicode char U+2122 (decimal 8482)
   defining Unicode char U+2423 (decimal 9251)
))
(/usr/local/texlive/2016/texmf-dist/tex/latex/graphics/color.sty
Package: color 2016/05/09 v1.1c Standard LaTeX Color (DPC)

(/usr/local/texlive/2016/texmf-dist/tex/latex/graphics-cfg/color.cfg
File: color.cfg 2016/01/02 v1.6 sample color configuration
)
Package color Info: Driver file: pdftex.def on input line 144.
)
(/usr/local/texlive/2016/texmf-dist/tex/latex/tools/tabularx.sty
Package: tabularx 2016/02/03 v2.11 `tabularx' package (DPC)

(/usr/local/texlive/2016/texmf-dist/tex/latex/tools/array.sty
Package: array 2014/10/28 v2.4c Tabular extension package (FMi)
\col@sep=\dimen107
\extrarowheight=\dimen108
\NC@list=\toks17
\extratabsurround=\skip43
\backup@length=\skip44
)
\TX@col@width=\dimen109
\TX@old@table=\dimen110
\TX@old@col=\dimen111
\TX@target=\dimen112
\TX@delta=\dimen113
\TX@cols=\count88
\TX@ftn=\toks18
)
(/usr/local/texlive/2016/texmf-dist/tex/latex/tools/xspace.sty
Package: xspace 2014/10/28 v1.13 Space after command names (DPC,MH)
)
(/usr/local/texlive/2016/texmf-dist/tex/latex/tools/verbatim.sty
Package: verbatim 2014/10/28 v1.5q LaTeX2e package for verbatim enhancements
\every@verbatim=\toks19
\verbatim@line=\toks20
\verbatim@in@stream=\read1
)
(/usr/local/texlive/2016/texmf-dist/tex/latex/amsmath/amsmath.sty
Package: amsmath 2016/03/10 v2.15b AMS math features
\@mathmargin=\skip45

For additional information on amsmath, use the `?' option.
(/usr/local/texlive/2016/texmf-dist/tex/latex/amsmath/amstext.sty
Package: amstext 2000/06/29 v2.01 AMS text

(/usr/local/texlive/2016/texmf-dist/tex/latex/amsmath/amsgen.sty
File: amsgen.sty 1999/11/30 v2.0 generic functions
\@emptytoks=\toks21
\ex@=\dimen114
))
(/usr/local/texlive/2016/texmf-dist/tex/latex/amsmath/amsbsy.sty
Package: amsbsy 1999/11/29 v1.2d Bold Symbols
\pmbraise@=\dimen115
)
(/usr/local/texlive/2016/texmf-dist/tex/latex/amsmath/amsopn.sty
Package: amsopn 2016/03/08 v2.02 operator names
)
\inf@bad=\count89
LaTeX Info: Redefining \frac on input line 199.
\uproot@=\count90
\leftroot@=\count91
LaTeX Info: Redefining \overline on input line 297.
\classnum@=\count92
\DOTSCASE@=\count93
LaTeX Info: Redefining \ldots on input line 394.
LaTeX Info: Redefining \dots on input line 397.
LaTeX Info: Redefining \cdots on input line 518.
\Mathstrutbox@=\box26
\strutbox@=\box27
\big@size=\dimen116
LaTeX Font Info:    Redeclaring font encoding OML on input line 634.
LaTeX Font Info:    Redeclaring font encoding OMS on input line 635.
\macc@depth=\count94
\c@MaxMatrixCols=\count95
\dotsspace@=\muskip10
\c@parentequation=\count96
\dspbrk@lvl=\count97
\tag@help=\toks22
\row@=\count98
\column@=\count99
\maxfields@=\count100
\andhelp@=\toks23
\eqnshift@=\dimen117
\alignsep@=\dimen118
\tagshift@=\dimen119
\tagwidth@=\dimen120
\totwidth@=\dimen121
\lineht@=\dimen122
\@envbody=\toks24
\multlinegap=\skip46
\multlinetaggap=\skip47
\mathdisplay@stack=\toks25
LaTeX Info: Redefining \[ on input line 2739.
LaTeX Info: Redefining \] on input line 2740.
)
(/usr/local/texlive/2016/texmf-dist/tex/latex/amsfonts/amssymb.sty
Package: amssymb 2013/01/14 v3.01 AMS font symbols

(/usr/local/texlive/2016/texmf-dist/tex/latex/amsfonts/amsfonts.sty
Package: amsfonts 2013/01/14 v3.01 Basic AMSFonts support
\symAMSa=\mathgroup4
\symAMSb=\mathgroup5
LaTeX Font Info:    Overwriting math alphabet `\mathfrak' in version `bold'
(Font)                  U/euf/m/n --> U/euf/b/n on input line 106.
))
(/usr/local/texlive/2016/texmf-dist/tex/latex/subfig/subfig.sty
Package: subfig 2005/06/28 ver: 1.3 subfig package

(/usr/local/texlive/2016/texmf-dist/tex/latex/caption/caption3.sty
Package: caption3 2016/02/04 v1.7-139 caption3 kernel (AR)
Package caption3 Info: TeX engine: e-TeX on input line 67.
\captionmargin=\dimen123
\captionmargin@=\dimen124
\captionwidth=\dimen125
\caption@tempdima=\dimen126
\caption@indent=\dimen127
\caption@parindent=\dimen128
\caption@hangindent=\dimen129
Package caption Info: Unknown document class (or package),
(caption)             standard defaults will be used.
)
\c@KVtest=\count101
\sf@farskip=\skip48
\sf@captopadj=\dimen130
\sf@capskip=\skip49
\sf@nearskip=\skip50
\c@subfigure=\count102
\c@subfigure@save=\count103
\c@lofdepth=\count104
\c@subtable=\count105
\c@subtable@save=\count106
\c@lotdepth=\count107
\sf@top=\skip51
\sf@bottom=\skip52
)
(/usr/local/texlive/2016/texmf-dist/tex/latex/url/url.sty
\Urlmuskip=\muskip11
Package: url 2013/09/16  ver 3.4  Verb mode for urls, etc.
)
(/usr/local/texlive/2016/texmf-dist/tex/latex/bbold/bbold.sty
Package: bbold 1994/04/06 Bbold symbol package
LaTeX Font Info:    Redeclaring math alphabet \mathbb on input line 42.
)
(/usr/local/texlive/2016/texmf-dist/tex/latex/carlisle/slashed.sty
Package: slashed 1997/01/16 v0.01 Feynman Slashed Character Notation (DPC)
)
(/usr/local/texlive/2016/texmf-dist/tex/latex/multirow/multirow.sty
\bigstrutjot=\dimen131
)
(/usr/local/texlive/2016/texmf-dist/tex/latex/threeparttable/threeparttable.sty
Package: threeparttable 2003/06/13  v 3.0
\@tempboxb=\box28
) (/usr/local/texlive/2016/texmf-dist/tex/latex/paralist/paralist.sty
Package: paralist 2015/12/30 v2.5 Extended list environments
\pltopsep=\skip53
\plpartopsep=\skip54
\plitemsep=\skip55
\plparsep=\skip56
\pl@lab=\toks26
)
(./jetsub_2prong.aux)
\openout1 = `jetsub_2prong.aux'.

LaTeX Font Info:    Checking defaults for OML/cmm/m/it on input line 32.
LaTeX Font Info:    ... okay on input line 32.
LaTeX Font Info:    Checking defaults for T1/cmr/m/n on input line 32.
LaTeX Font Info:    ... okay on input line 32.
LaTeX Font Info:    Checking defaults for OT1/cmr/m/n on input line 32.
LaTeX Font Info:    ... okay on input line 32.
LaTeX Font Info:    Checking defaults for OMS/cmsy/m/n on input line 32.
LaTeX Font Info:    ... okay on input line 32.
LaTeX Font Info:    Checking defaults for OMX/cmex/m/n on input line 32.
LaTeX Font Info:    ... okay on input line 32.
LaTeX Font Info:    Checking defaults for U/cmr/m/n on input line 32.
LaTeX Font Info:    ... okay on input line 32.
LaTeX Font Info:    Try loading font information for OT1+ptm on input line 32.

(/usr/local/texlive/2016/texmf-dist/tex/latex/psnfss/ot1ptm.fd
File: ot1ptm.fd 2001/06/04 font definitions for OT1/ptm.
)
(/usr/local/texlive/2016/texmf-dist/tex/context/base/mkii/supp-pdf.mkii
[Loading MPS to PDF converter (version 2006.09.02).]
\scratchcounter=\count108
\scratchdimen=\dimen132
\scratchbox=\box29
\nofMPsegments=\count109
\nofMParguments=\count110
\everyMPshowfont=\toks27
\MPscratchCnt=\count111
\MPscratchDim=\dimen133
\MPnumerator=\count112
\makeMPintoPDFobject=\count113
\everyMPtoPDFconversion=\toks28
) (/usr/local/texlive/2016/texmf-dist/tex/generic/oberdiek/pdftexcmds.sty
Package: pdftexcmds 2016/05/10 v0.21 Utility functions of pdfTeX for LuaTeX (HO
)

(/usr/local/texlive/2016/texmf-dist/tex/generic/oberdiek/ifluatex.sty
Package: ifluatex 2016/05/16 v1.4 Provides the ifluatex switch (HO)
Package ifluatex Info: LuaTeX not detected.
)
(/usr/local/texlive/2016/texmf-dist/tex/generic/oberdiek/ifpdf.sty
Package: ifpdf 2016/05/14 v3.1 Provides the ifpdf switch
)
Package pdftexcmds Info: LuaTeX not detected.
Package pdftexcmds Info: \pdf@primitive is available.
Package pdftexcmds Info: \pdf@ifprimitive is available.
Package pdftexcmds Info: \pdfdraftmode found.
)
(/usr/local/texlive/2016/texmf-dist/tex/latex/oberdiek/epstopdf-base.sty
Package: epstopdf-base 2016/05/15 v2.6 Base part for package epstopdf

(/usr/local/texlive/2016/texmf-dist/tex/latex/oberdiek/grfext.sty
Package: grfext 2016/05/16 v1.2 Manage graphics extensions (HO)

(/usr/local/texlive/2016/texmf-dist/tex/generic/oberdiek/kvdefinekeys.sty
Package: kvdefinekeys 2016/05/16 v1.4 Define keys (HO)
))
(/usr/local/texlive/2016/texmf-dist/tex/latex/oberdiek/kvoptions.sty
Package: kvoptions 2016/05/16 v3.12 Key value format for package options (HO)

(/usr/local/texlive/2016/texmf-dist/tex/generic/oberdiek/kvsetkeys.sty
Package: kvsetkeys 2016/05/16 v1.17 Key value parser (HO)

(/usr/local/texlive/2016/texmf-dist/tex/generic/oberdiek/etexcmds.sty
Package: etexcmds 2016/05/16 v1.6 Avoid name clashes with e-TeX commands (HO)
Package etexcmds Info: Could not find \expanded.
(etexcmds)             That can mean that you are not using pdfTeX 1.50 or
(etexcmds)             that some package has redefined \expanded.
(etexcmds)             In the latter case, load this package earlier.
)))
Package grfext Info: Graphics extension search list:
(grfext)             [.png,.pdf,.jpg,.mps,.jpeg,.jbig2,.jb2,.PNG,.PDF,.JPG,.JPE
G,.JBIG2,.JB2,.eps]
(grfext)             \AppendGraphicsExtensions on input line 456.

(/usr/local/texlive/2016/texmf-dist/tex/latex/latexconfig/epstopdf-sys.cfg
File: epstopdf-sys.cfg 2010/07/13 v1.3 Configuration of (r)epstopdf for TeX Liv
e
))
Package caption Info: Begin \AtBeginDocument code.
Package caption Info: subfig package v1.3 is loaded.
Package caption Info: End \AtBeginDocument code.
LaTeX Font Info:    Font shape `OT1/ptm/bx/n' in size <10.95> not available
(Font)              Font shape `OT1/ptm/b/n' tried instead on input line 58.
LaTeX Font Info:    Try loading font information for U+msa on input line 71.

(/usr/local/texlive/2016/texmf-dist/tex/latex/amsfonts/umsa.fd
File: umsa.fd 2013/01/14 v3.01 AMS symbols A
)
LaTeX Font Info:    Try loading font information for U+msb on input line 71.

(/usr/local/texlive/2016/texmf-dist/tex/latex/amsfonts/umsb.fd
File: umsb.fd 2013/01/14 v3.01 AMS symbols B
) [1

{/usr/local/texlive/2016/texmf-var/fonts/map/pdftex/updmap/pdftex.map}]
LaTeX Font Info:    Font shape `OT1/ptm/bx/n' in size <14.4> not available
(Font)              Font shape `OT1/ptm/b/n' tried instead on input line 96.

Underfull \hbox (badness 10000) in paragraph at lines 96--96

 []

LaTeX Font Info:    Try loading font information for OT1+pcr on input line 111.

(/usr/local/texlive/2016/texmf-dist/tex/latex/psnfss/ot1pcr.fd
File: ot1pcr.fd 2001/06/04 font definitions for OT1/pcr.
)
Underfull \hbox (badness 10000) in paragraph at lines 111--111
[][]\OT1/ptm/m/n/9 More LHC stud-ies us-ing jet sub-struc-ture can be found at 
$\OT1/pcr/m/n/9 https : / / twiki . cern . ch / twiki / bin /
 []


Underfull \hbox (badness 10000) in paragraph at lines 111--111
\OT1/pcr/m/n/9 view / AtlasPublic$ \OT1/ptm/m/n/9 and $\OT1/pcr/m/n/9 http : / 
/ cms-[]results . web . cern . ch / cms-[]results / public-[]results /
 []

[2] [3] <jetsub_2prong_realism_levels.pdf, id=19, 397.485pt x 130.4875pt>
File: jetsub_2prong_realism_levels.pdf Graphic file (type pdf)

<use jetsub_2prong_realism_levels.pdf>
Package pdftex.def Info: jetsub_2prong_realism_levels.pdf used on input line 23
9.
(pdftex.def)             Requested size: 341.43306pt x 112.08961pt.
 [4]
LaTeX Font Info:    Try loading font information for OMS+ptm on input line 260.


(/usr/local/texlive/2016/texmf-dist/tex/latex/psnfss/omsptm.fd
File: omsptm.fd 
)
LaTeX Font Info:    Font shape `OMS/ptm/m/n' in size <10.95> not available
(Font)              Font shape `OMS/cmsy/m/n' tried instead on input line 260.
 [5 <./jetsub_2prong_realism_levels.pdf>]
Overfull \hbox (4.15683pt too wide) in paragraph at lines 328--340
\OT1/ptm/m/n/10.95 con-tri-bu-tions are in prin-ci-ple both per-tur-ba-tive and
 non-perturbative. They
 []

[6] <jetsub_2prong_roc_to_significance.pdf, id=47, 615.29875pt x 269.005pt>
File: jetsub_2prong_roc_to_significance.pdf Graphic file (type pdf)

<use jetsub_2prong_roc_to_significance.pdf>
Package pdftex.def Info: jetsub_2prong_roc_to_significance.pdf used on input li
ne 360.
(pdftex.def)             Requested size: 455.24408pt x 199.03185pt.
 [7 <./jetsub_2prong_roc_to_significance.pdf>] [8] [9]
Overfull \hbox (4.15543pt too wide) in paragraph at lines 583--585
[]\OT1/ptm/m/n/10.95 Recluster the jet us-ing the C/A clus-ter-ing al-go-rithm,
 pro-duc-ing an angular-
 []

[10]
Overfull \hbox (13.35931pt too wide) in paragraph at lines 632--635
[]\OT1/ptm/m/n/10.95 Eliminate from the jet all par-ti-cles in sub-jets that sa
t-isfy $\OML/cmm/m/it/10.95 p[] > z[] p[]$\OT1/ptm/m/n/10.95 . 
 []

[11] [12]
<jetsub_2prong_dichroic_placeholder.pdf, id=211, 473.41403pt x 261.10678pt>
File: jetsub_2prong_dichroic_placeholder.pdf Graphic file (type pdf)

<use jetsub_2prong_dichroic_placeholder.pdf>
Package pdftex.def Info: jetsub_2prong_dichroic_placeholder.pdf used on input l
ine 752.
(pdftex.def)             Requested size: 409.71689pt x 225.97775pt.

<jetsub_2prong_dichroic-illust.pdf, id=212, 255.95625pt x 226.8475pt>
File: jetsub_2prong_dichroic-illust.pdf Graphic file (type pdf)

<use jetsub_2prong_dichroic-illust.pdf>
Package pdftex.def Info: jetsub_2prong_dichroic-illust.pdf used on input line 7
60.
(pdftex.def)             Requested size: 227.62204pt x 201.7344pt.
 [13 <./jetsub_2prong_dichroic_placeholder.pdf>] [14 <./jetsub_2prong_dichroic-
illust.pdf>]
Overfull \hbox (12.2921pt too wide) in paragraph at lines 872--874
\OT1/ptm/m/n/10.95 The tag-ging strate-gies we con-sider can be put into the ge
n-eral form of a (groomed)
 []

[15]
Overfull \hbox (0.72879pt too wide) in paragraph at lines 937--947
[]\OT1/ptm/m/n/10.95 While our gen-eral ap-proach is based on study-ing the dif
-fer-ent classes of groom-
 []

[16]
Overfull \hbox (9.5767pt too wide) in paragraph at lines 974--989
\OT1/ptm/m/n/10.95 We be-gin by study-ing the ro-bust-ness of dif-fer-ent tag-g
ing tech-niques to hadroniza-
 []

<jetsub_2prong_mass-distribs.pdf, id=326, 255.95625pt x 255.95625pt>
File: jetsub_2prong_mass-distribs.pdf Graphic file (type pdf)

<use jetsub_2prong_mass-distribs.pdf>
Package pdftex.def Info: jetsub_2prong_mass-distribs.pdf used on input line 991
.
(pdftex.def)             Requested size: 182.09485pt x 182.09341pt.

Overfull \hbox (1.41881pt too wide) in paragraph at lines 999--1002
[]\OT1/ptm/m/n/10.95 Before study-ing ro-bust-ness un-der hadroniza-tion vs. pe
r-for-mance quan-ti-ta-tively,
 []

[17 <./jetsub_2prong_mass-distribs.pdf>]
<jetsub_2prong_shape-distribs.pdf, id=338, page=1, 255.95625pt x 255.95625pt>
File: jetsub_2prong_shape-distribs.pdf Graphic file (type pdf)

<use jetsub_2prong_shape-distribs.pdf, page 1>
Package pdftex.def Info: jetsub_2prong_shape-distribs.pdf, page1 used on input 
line 1023.
(pdftex.def)             Requested size: 145.68143pt x 145.68176pt.

<jetsub_2prong_shape-distribs.pdf, id=339, page=2, 255.95625pt x 255.95625pt>
File: jetsub_2prong_shape-distribs.pdf Graphic file (type pdf)

<use jetsub_2prong_shape-distribs.pdf, page 2>
Package pdftex.def Info: jetsub_2prong_shape-distribs.pdf, page2 used on input 
line 1026.
(pdftex.def)             Requested size: 145.68143pt x 145.68176pt.

<jetsub_2prong_shape-distribs.pdf, id=340, page=3, 255.95625pt x 255.95625pt>
File: jetsub_2prong_shape-distribs.pdf Graphic file (type pdf)

<use jetsub_2prong_shape-distribs.pdf, page 3>
Package pdftex.def Info: jetsub_2prong_shape-distribs.pdf, page3 used on input 
line 1029.
(pdftex.def)             Requested size: 145.68143pt x 145.68176pt.

<jetsub_2prong_rocs.pdf, id=341, 255.95625pt x 255.95625pt>
File: jetsub_2prong_rocs.pdf Graphic file (type pdf)

<use jetsub_2prong_rocs.pdf>
Package pdftex.def Info: jetsub_2prong_rocs.pdf used on input line 1053.
(pdftex.def)             Requested size: 182.09485pt x 182.09341pt.
 [18 <./jetsub_2prong_shape-distribs.pdf> <./jetsub_2prong_shape-distribs.pdf

pdfTeX warning: /Library/TeX/texbin/pdflatex (file ./jetsub_2prong_shape-distri
bs.pdf): PDF inclusion: multiple pdfs with page group included in a single page

> <./jetsub_2prong_shape-distribs.pdf

pdfTeX warning: /Library/TeX/texbin/pdflatex (file ./jetsub_2prong_shape-distri
bs.pdf): PDF inclusion: multiple pdfs with page group included in a single page

> <./jetsub_2prong_rocs.pdf

pdfTeX warning: /Library/TeX/texbin/pdflatex (file ./jetsub_2prong_rocs.pdf): P
DF inclusion: multiple pdfs with page group included in a single page
>] <jetsub_2prong_sweep_pt.pdf, id=374, 518.60951pt x 479.4167pt>
File: jetsub_2prong_sweep_pt.pdf Graphic file (type pdf)

<use jetsub_2prong_sweep_pt.pdf>
Package pdftex.def Info: jetsub_2prong_sweep_pt.pdf used on input line 1065.
(pdftex.def)             Requested size: 182.09485pt x 168.33237pt.

<jetsub_2prong_grooming-scan-levels.pdf, id=375, page=25, 255.95625pt x 255.956
25pt>
File: jetsub_2prong_grooming-scan-levels.pdf Graphic file (type pdf)
 <use jetsub_2prong_grooming-scan-levels.pdf, page 25>
Package pdftex.def Info: jetsub_2prong_grooming-scan-levels.pdf, page25 used on
 input line 1091.
(pdftex.def)             Requested size: 145.68143pt x 145.68176pt.

<jetsub_2prong_grooming-scan-levels.pdf, id=376, page=13, 255.95625pt x 255.956
25pt>
File: jetsub_2prong_grooming-scan-levels.pdf Graphic file (type pdf)
 <use jetsub_2prong_grooming-scan-levels.pdf, page 13>
Package pdftex.def Info: jetsub_2prong_grooming-scan-levels.pdf, page13 used on
 input line 1094.
(pdftex.def)             Requested size: 145.68143pt x 145.68176pt.

<jetsub_2prong_grooming-scan-levels.pdf, id=377, page=31, 255.95625pt x 255.956
25pt>
File: jetsub_2prong_grooming-scan-levels.pdf Graphic file (type pdf)
 <use jetsub_2prong_grooming-scan-levels.pdf, page 31>
Package pdftex.def Info: jetsub_2prong_grooming-scan-levels.pdf, page31 used on
 input line 1097.
(pdftex.def)             Requested size: 145.68143pt x 145.68176pt.

<jetsub_2prong_shape-scan-levels.pdf, id=378, page=61, 255.95625pt x 255.95625p
t>
File: jetsub_2prong_shape-scan-levels.pdf Graphic file (type pdf)
 <use jetsub_2prong_shape-scan-levels.pdf, page 61>
Package pdftex.def Info: jetsub_2prong_shape-scan-levels.pdf, page61 used on in
put line 1104.
(pdftex.def)             Requested size: 145.68143pt x 145.68176pt.

<jetsub_2prong_shape-scan-levels.pdf, id=379, page=55, 255.95625pt x 255.95625p
t>
File: jetsub_2prong_shape-scan-levels.pdf Graphic file (type pdf)
 <use jetsub_2prong_shape-scan-levels.pdf, page 55>
Package pdftex.def Info: jetsub_2prong_shape-scan-levels.pdf, page55 used on in
put line 1107.
(pdftex.def)             Requested size: 145.68143pt x 145.68176pt.

<jetsub_2prong_shape-scan-levels.pdf, id=380, page=49, 255.95625pt x 255.95625p
t>
File: jetsub_2prong_shape-scan-levels.pdf Graphic file (type pdf)
 <use jetsub_2prong_shape-scan-levels.pdf, page 49>
Package pdftex.def Info: jetsub_2prong_shape-scan-levels.pdf, page49 used on in
put line 1110.
(pdftex.def)             Requested size: 145.68143pt x 145.68176pt.
 [19 <./jetsub_2prong_sweep_pt.pdf>] [20 <./jetsub_2prong_grooming-scan-levels.
pdf> <./jetsub_2prong_grooming-scan-levels.pdf

pdfTeX warning: /Library/TeX/texbin/pdflatex (file ./jetsub_2prong_grooming-sca
n-levels.pdf): PDF inclusion: multiple pdfs with page group included in a singl
e page
> <./jetsub_2prong_grooming-scan-levels.pdf

pdfTeX warning: /Library/TeX/texbin/pdflatex (file ./jetsub_2prong_grooming-sca
n-levels.pdf): PDF inclusion: multiple pdfs with page group included in a singl
e page
> <./jetsub_2prong_shape-scan-levels.pdf

pdfTeX warning: /Library/TeX/texbin/pdflatex (file ./jetsub_2prong_shape-scan-l
evels.pdf): PDF inclusion: multiple pdfs with page group included in a single p
age
> <./jetsub_2prong_shape-scan-levels.pdf

pdfTeX warning: /Library/TeX/texbin/pdflatex (file ./jetsub_2prong_shape-scan-l
evels.pdf): PDF inclusion: multiple pdfs with page group included in a single p
age
> <./jetsub_2prong_shape-scan-levels.pdf

pdfTeX warning: /Library/TeX/texbin/pdflatex (file ./jetsub_2prong_shape-scan-l
evels.pdf): PDF inclusion: multiple pdfs with page group included in a single p
age
>]
<jetsub_2prong_grooming-scan-levels.pdf, id=457, page=26, 255.95625pt x 255.956
25pt>
File: jetsub_2prong_grooming-scan-levels.pdf Graphic file (type pdf)
 <use jetsub_2prong_grooming-scan-levels.pdf, page 26>
Package pdftex.def Info: jetsub_2prong_grooming-scan-levels.pdf, page26 used on
 input line 1140.
(pdftex.def)             Requested size: 145.68143pt x 145.68176pt.

<jetsub_2prong_grooming-scan-levels.pdf, id=458, page=14, 255.95625pt x 255.956
25pt>
File: jetsub_2prong_grooming-scan-levels.pdf Graphic file (type pdf)
 <use jetsub_2prong_grooming-scan-levels.pdf, page 14>
Package pdftex.def Info: jetsub_2prong_grooming-scan-levels.pdf, page14 used on
 input line 1143.
(pdftex.def)             Requested size: 145.68143pt x 145.68176pt.

<jetsub_2prong_grooming-scan-levels.pdf, id=459, page=32, 255.95625pt x 255.956
25pt>
File: jetsub_2prong_grooming-scan-levels.pdf Graphic file (type pdf)
 <use jetsub_2prong_grooming-scan-levels.pdf, page 32>
Package pdftex.def Info: jetsub_2prong_grooming-scan-levels.pdf, page32 used on
 input line 1146.
(pdftex.def)             Requested size: 145.68143pt x 145.68176pt.

<jetsub_2prong_shape-scan-levels.pdf, id=460, page=62, 255.95625pt x 255.95625p
t>
File: jetsub_2prong_shape-scan-levels.pdf Graphic file (type pdf)
 <use jetsub_2prong_shape-scan-levels.pdf, page 62>
Package pdftex.def Info: jetsub_2prong_shape-scan-levels.pdf, page62 used on in
put line 1153.
(pdftex.def)             Requested size: 145.68143pt x 145.68176pt.

<jetsub_2prong_shape-scan-levels.pdf, id=461, page=56, 255.95625pt x 255.95625p
t>
File: jetsub_2prong_shape-scan-levels.pdf Graphic file (type pdf)
 <use jetsub_2prong_shape-scan-levels.pdf, page 56>
Package pdftex.def Info: jetsub_2prong_shape-scan-levels.pdf, page56 used on in
put line 1156.
(pdftex.def)             Requested size: 145.68143pt x 145.68176pt.

<jetsub_2prong_shape-scan-levels.pdf, id=462, page=50, 255.95625pt x 255.95625p
t>
File: jetsub_2prong_shape-scan-levels.pdf Graphic file (type pdf)
 <use jetsub_2prong_shape-scan-levels.pdf, page 50>
Package pdftex.def Info: jetsub_2prong_shape-scan-levels.pdf, page50 used on in
put line 1159.
(pdftex.def)             Requested size: 145.68143pt x 145.68176pt.
 [21 <./jetsub_2prong_grooming-scan-levels.pdf> <./jetsub_2prong_grooming-scan-
levels.pdf

pdfTeX warning: /Library/TeX/texbin/pdflatex (file ./jetsub_2prong_grooming-sca
n-levels.pdf): PDF inclusion: multiple pdfs with page group included in a singl
e page
> <./jetsub_2prong_grooming-scan-levels.pdf

pdfTeX warning: /Library/TeX/texbin/pdflatex (file ./jetsub_2prong_grooming-sca
n-levels.pdf): PDF inclusion: multiple pdfs with page group included in a singl
e page
> <./jetsub_2prong_shape-scan-levels.pdf

pdfTeX warning: /Library/TeX/texbin/pdflatex (file ./jetsub_2prong_shape-scan-l
evels.pdf): PDF inclusion: multiple pdfs with page group included in a single p
age
> <./jetsub_2prong_shape-scan-levels.pdf

pdfTeX warning: /Library/TeX/texbin/pdflatex (file ./jetsub_2prong_shape-scan-l
evels.pdf): PDF inclusion: multiple pdfs with page group included in a single p
age
> <./jetsub_2prong_shape-scan-levels.pdf

pdfTeX warning: /Library/TeX/texbin/pdflatex (file ./jetsub_2prong_shape-scan-l
evels.pdf): PDF inclusion: multiple pdfs with page group included in a single p
age
>] <jetsub_2prong_optimal_2.pdf, id=496, 255.95625pt x 255.95625pt>
File: jetsub_2prong_optimal_2.pdf Graphic file (type pdf)

<use jetsub_2prong_optimal_2.pdf>
Package pdftex.def Info: jetsub_2prong_optimal_2.pdf used on input line 1192.
(pdftex.def)             Requested size: 199.16928pt x 199.16858pt.

<jetsub_2prong_optimal_1.pdf, id=497, 255.95625pt x 255.95625pt>
File: jetsub_2prong_optimal_1.pdf Graphic file (type pdf)

<use jetsub_2prong_optimal_1.pdf>
Package pdftex.def Info: jetsub_2prong_optimal_1.pdf used on input line 1195.
(pdftex.def)             Requested size: 199.16928pt x 199.16858pt.
 [22 <./jetsub_2prong_optimal_2.pdf> <./jetsub_2prong_optimal_1.pdf>]

pdfTeX warning: /Library/TeX/texbin/pdflatex (file ./jetsub_2prong_jets_in_atla
s.pdf): PDF inclusion: found PDF version <1.6>, but at most version <1.5> allow
ed
<jetsub_2prong_jets_in_atlas.pdf, id=542, 632.44551pt x 382.73691pt>
File: jetsub_2prong_jets_in_atlas.pdf Graphic file (type pdf)

<use jetsub_2prong_jets_in_atlas.pdf>
Package pdftex.def Info: jetsub_2prong_jets_in_atlas.pdf used on input line 130
2.
(pdftex.def)             Requested size: 218.51521pt x 132.23709pt.


pdfTeX warning: /Library/TeX/texbin/pdflatex (file ./jetsub_2prong_jets_in_cms.
pdf): PDF inclusion: found PDF version <1.6>, but at most version <1.5> allowed

<jetsub_2prong_jets_in_cms.pdf, id=543, 634.79431pt x 382.73691pt>
File: jetsub_2prong_jets_in_cms.pdf Graphic file (type pdf)

<use jetsub_2prong_jets_in_cms.pdf>
Package pdftex.def Info: jetsub_2prong_jets_in_cms.pdf used on input line 1305.

(pdftex.def)             Requested size: 218.51521pt x 131.74652pt.
 [23 <./jetsub_2prong_jets_in_atlas.pdf, page is rotated 90 degrees> <./jetsub_
2prong_jets_in_cms.pdf, page is rotated 90 degrees>] [24]
Overfull \hbox (48.49934pt too wide) in paragraph at lines 1353--1356
\OT1/ptm/m/n/10.95 nom-i-nal tower cen-ter $\OT1/cmr/m/n/10.95 (\OML/cmm/m/it/1
0.95 ^^Q[]; ^^^[]\OT1/cmr/m/n/10.95 )$ \OT1/ptm/m/n/10.95 and the tower en-ergy
 $\OML/cmm/m/it/10.95 E[]$ \OT1/ptm/m/n/10.95 ($\OT1/cmr/m/n/10.95 (\OML/cmm/m/
it/10.95 E[]; ^^Q[]; ^^^[]\OT1/cmr/m/n/10.95 ) \OMS/cmsy/m/n/10.95 7!
 []

[25] [26] <jetsub_2prong_mass-detector.pdf, id=641, 255.95625pt x 255.95625pt>
File: jetsub_2prong_mass-detector.pdf Graphic file (type pdf)

<use jetsub_2prong_mass-detector.pdf>
Package pdftex.def Info: jetsub_2prong_mass-detector.pdf used on input line 142
4.
(pdftex.def)             Requested size: 204.85844pt x 204.859pt.

<jetsub_2prong_mass-width-detector.pdf, id=642, 255.95625pt x 255.95625pt>
File: jetsub_2prong_mass-width-detector.pdf Graphic file (type pdf)

<use jetsub_2prong_mass-width-detector.pdf>
Package pdftex.def Info: jetsub_2prong_mass-width-detector.pdf used on input li
ne 1427.
(pdftex.def)             Requested size: 204.85844pt x 204.859pt.
 [27 <./jetsub_2prong_mass-detector.pdf> <./jetsub_2prong_mass-width-detector.p
df

pdfTeX warning: /Library/TeX/texbin/pdflatex (file ./jetsub_2prong_mass-width-d
etector.pdf): PDF inclusion: multiple pdfs with page group included in a single
 page
>] <jetsub_2prong_D2_polarization.pdf, id=662, 436.17763pt x 410.25662pt>
File: jetsub_2prong_D2_polarization.pdf Graphic file (type pdf)

<use jetsub_2prong_D2_polarization.pdf>
Package pdftex.def Info: jetsub_2prong_D2_polarization.pdf used on input line 1
513.
(pdftex.def)             Requested size: 182.09485pt x 171.2737pt.

<jetsub_2prong_polarisation-basic-rocs.pdf, id=663, 255.95625pt x 255.95625pt>
File: jetsub_2prong_polarisation-basic-rocs.pdf Graphic file (type pdf)

<use jetsub_2prong_polarisation-basic-rocs.pdf>
Package pdftex.def Info: jetsub_2prong_polarisation-basic-rocs.pdf used on inpu
t line 1516.
(pdftex.def)             Requested size: 182.09485pt x 182.09341pt.
 [28] [29 <./jetsub_2prong_D2_polarization.pdf> <./jetsub_2prong_polarisation-b
asic-rocs.pdf>]
<jetsub_2prong_polarisation-zg-distrib.pdf, id=736, 255.95625pt x 255.95625pt>
File: jetsub_2prong_polarisation-zg-distrib.pdf Graphic file (type pdf)

<use jetsub_2prong_polarisation-zg-distrib.pdf>
Package pdftex.def Info: jetsub_2prong_polarisation-zg-distrib.pdf used on inpu
t line 1586.
(pdftex.def)             Requested size: 204.85844pt x 204.859pt.

<jetsub_2prong_polarisation-zg-roc.pdf, id=737, 255.95625pt x 255.95625pt>
File: jetsub_2prong_polarisation-zg-roc.pdf Graphic file (type pdf)

<use jetsub_2prong_polarisation-zg-roc.pdf>
Package pdftex.def Info: jetsub_2prong_polarisation-zg-roc.pdf used on input li
ne 1589.
(pdftex.def)             Requested size: 204.85844pt x 204.859pt.
 [30 <./jetsub_2prong_polarisation-zg-distrib.pdf> <./jetsub_2prong_polarisatio
n-zg-roc.pdf

pdfTeX warning: /Library/TeX/texbin/pdflatex (file ./jetsub_2prong_polarisation
-zg-roc.pdf): PDF inclusion: multiple pdfs with page group included in a single
 page
>] [31] (./jetsub_2prong.bbl [32] [33] [34] [35] [36]) [37]
(./jetsub_2prong.aux) ) 
Here is how much of TeX's memory you used:
 4432 strings out of 493014
 67361 string characters out of 6133351
 128428 words of memory out of 5000000
 7825 multiletter control sequences out of 15000+600000
 25522 words of font info for 63 fonts, out of 8000000 for 9000
 1141 hyphenation exceptions out of 8191
 38i,13n,49p,1055b,407s stack positions out of 5000i,500n,10000p,200000b,80000s
{/usr/local/texlive/2016/texmf-dist/fonts/enc/dvips/base
/8r.enc}</usr/local/texlive/2016/texmf-dist/fonts/type1/public/amsfonts/cm/cmbx
12.pfb></usr/local/texlive/2016/texmf-dist/fonts/type1/public/amsfonts/cm/cmex1
0.pfb></usr/local/texlive/2016/texmf-dist/fonts/type1/public/amsfonts/cm/cmmi10
.pfb></usr/local/texlive/2016/texmf-dist/fonts/type1/public/amsfonts/cm/cmmi12.
pfb></usr/local/texlive/2016/texmf-dist/fonts/type1/public/amsfonts/cm/cmmi6.pf
b></usr/local/texlive/2016/texmf-dist/fonts/type1/public/amsfonts/cm/cmmi7.pfb>
</usr/local/texlive/2016/texmf-dist/fonts/type1/public/amsfonts/cm/cmmi8.pfb></
usr/local/texlive/2016/texmf-dist/fonts/type1/public/amsfonts/cm/cmmi9.pfb></us
r/local/texlive/2016/texmf-dist/fonts/type1/public/amsfonts/cm/cmr10.pfb></usr/
local/texlive/2016/texmf-dist/fonts/type1/public/amsfonts/cm/cmr12.pfb></usr/lo
cal/texlive/2016/texmf-dist/fonts/type1/public/amsfonts/cm/cmr6.pfb></usr/local
/texlive/2016/texmf-dist/fonts/type1/public/amsfonts/cm/cmr7.pfb></usr/local/te
xlive/2016/texmf-dist/fonts/type1/public/amsfonts/cm/cmr8.pfb></usr/local/texli
ve/2016/texmf-dist/fonts/type1/public/amsfonts/cm/cmr9.pfb></usr/local/texlive/
2016/texmf-dist/fonts/type1/public/amsfonts/cm/cmsy10.pfb></usr/local/texlive/2
016/texmf-dist/fonts/type1/public/amsfonts/cm/cmsy7.pfb></usr/local/texlive/201
6/texmf-dist/fonts/type1/public/amsfonts/cm/cmsy8.pfb></usr/local/texlive/2016/
texmf-dist/fonts/type1/public/amsfonts/cm/cmsy9.pfb></usr/local/texlive/2016/te
xmf-dist/fonts/type1/public/lm/lmr10.pfb></usr/local/texlive/2016/texmf-dist/fo
nts/type1/urw/courier/ucrr8a.pfb></usr/local/texlive/2016/texmf-dist/fonts/type
1/urw/times/utmb8a.pfb></usr/local/texlive/2016/texmf-dist/fonts/type1/urw/time
s/utmr8a.pfb></usr/local/texlive/2016/texmf-dist/fonts/type1/urw/times/utmri8a.
pfb>
Output written on jetsub_2prong.pdf (37 pages, 1327803 bytes).
PDF statistics:
 842 PDF objects out of 1000 (max. 8388607)
 577 compressed objects within 6 object streams
 0 named destinations out of 1000 (max. 500000)
 161 words of extra memory for PDF output out of 10000 (max. 10000000)

